<?xml version="1.0" encoding="UTF-8"?>
<robot generator="Robot 7.2 (Python 3.11.3 on win32)" generated="2025-05-08T10:46:13.670560" rpa="false" schemaversion="5">
<suite id="s1" name="Opstest" source="C:\Users\PTQ1KOR\dummyproject\testscripts\opssamples\opstest.robot">
<test id="s1-t1" name="Reading from Text File" line="8">
<kw name="Get File" owner="OperatingSystem">
<msg time="2025-05-08T10:46:13.898407" level="INFO" html="true">Getting file '&lt;a href="file://C:\Users\PTQ1KOR\dummyproject\testscripts\opssamples\output.txt"&gt;C:\Users\PTQ1KOR\dummyproject\testscripts\opssamples\output.txt&lt;/a&gt;'.</msg>
<msg time="2025-05-08T10:46:13.899407" level="INFO">${str} = The job is successfully completed.</msg>
<var>${str}</var>
<arg>C:\\Users\\PTQ1KOR\\dummyproject\\testscripts\\opssamples/output.txt</arg>
<doc>Returns the contents of a specified file.</doc>
<status status="PASS" start="2025-05-08T10:46:13.898407" elapsed="0.002017"/>
</kw>
<kw name="Should Contain" owner="BuiltIn">
<arg>${str}</arg>
<arg>successfully completed</arg>
<doc>Fails if ``container`` does not contain ``item`` one or more times.</doc>
<status status="PASS" start="2025-05-08T10:46:13.900424" elapsed="0.000000"/>
</kw>
<status status="PASS" start="2025-05-08T10:46:13.895880" elapsed="0.005635"/>
</test>
<test id="s1-t2" name="Reading data from CSV File" line="12">
<kw name="Get File" owner="OperatingSystem">
<msg time="2025-05-08T10:46:13.906418" level="INFO" html="true">Getting file '&lt;a href="file://C:\Users\PTQ1KOR\dummyproject\testscripts\opssamples\inputData.csv"&gt;C:\Users\PTQ1KOR\dummyproject\testscripts\opssamples\inputData.csv&lt;/a&gt;'.</msg>
<msg time="2025-05-08T10:46:13.907937" level="INFO">${FILE_CONTENT} = #ID, Text, Value
10, First Item, 300
20, Second Item, 200
30, Third Item, 100</msg>
<var>${FILE_CONTENT}</var>
<arg>C:\\Users\\PTQ1KOR\\dummyproject\\testscripts\\opssamples/inputData.csv</arg>
<doc>Returns the contents of a specified file.</doc>
<status status="PASS" start="2025-05-08T10:46:13.906418" elapsed="0.001519"/>
</kw>
<kw name="Log" owner="BuiltIn">
<msg time="2025-05-08T10:46:13.908955" level="INFO">File Content: #ID, Text, Value
10, First Item, 300
20, Second Item, 200
30, Third Item, 100</msg>
<arg>File Content: ${FILE_CONTENT}</arg>
<doc>Logs the given message with the given level.</doc>
<status status="PASS" start="2025-05-08T10:46:13.908955" elapsed="0.000000"/>
</kw>
<kw name="Split to Lines and Remove Header">
<kw name="Split To Lines" owner="String">
<msg time="2025-05-08T10:46:13.910951" level="INFO">4 lines returned</msg>
<msg time="2025-05-08T10:46:13.910951" level="INFO">@{LINES} = [ #ID, Text, Value | 10, First Item, 300 | 20, Second Item, 200 | 30, Third Item, 100 ]</msg>
<var>@{LINES}</var>
<arg>${FILE_CONTENT}</arg>
<doc>Splits the given string to lines.</doc>
<status status="PASS" start="2025-05-08T10:46:13.910951" elapsed="0.000000"/>
</kw>
<kw name="Remove From List" owner="Collections">
<arg>${LINES}</arg>
<arg>0</arg>
<doc>Removes and returns the value specified with an ``index`` from ``list``.</doc>
<status status="PASS" start="2025-05-08T10:46:13.910951" elapsed="0.000999"/>
</kw>
<return>
<value>@{LINES}</value>
<status status="PASS" start="2025-05-08T10:46:13.911950" elapsed="0.000000"/>
</return>
<msg time="2025-05-08T10:46:13.911950" level="INFO">@{LINES} = [ 10, First Item, 300 | 20, Second Item, 200 | 30, Third Item, 100 ]</msg>
<var>@{LINES}</var>
<arg>${FILE_CONTENT}</arg>
<status status="PASS" start="2025-05-08T10:46:13.909956" elapsed="0.001994"/>
</kw>
<kw name="Calculate Sum From List">
<kw name="Set Variable" owner="BuiltIn">
<msg time="2025-05-08T10:46:13.914047" level="INFO">${RESULT} = 0</msg>
<var>${RESULT}</var>
<arg>0</arg>
<doc>Returns the given values which can then be assigned to a variables.</doc>
<status status="PASS" start="2025-05-08T10:46:13.912955" elapsed="0.001092"/>
</kw>
<for flavor="IN">
<iter>
<kw name="Log" owner="BuiltIn">
<msg time="2025-05-08T10:46:13.914047" level="INFO">10, First Item, 300</msg>
<arg>${LINE}</arg>
<doc>Logs the given message with the given level.</doc>
<status status="PASS" start="2025-05-08T10:46:13.914047" elapsed="0.001002"/>
</kw>
<kw name="Split String" owner="String">
<msg time="2025-05-08T10:46:13.915049" level="INFO">@{COLUMNS} = [ 10 |  First Item |  300 ]</msg>
<var>@{COLUMNS}</var>
<arg>${LINE}</arg>
<arg>separator=,</arg>
<doc>Splits the ``string`` using ``separator`` as a delimiter string.</doc>
<status status="PASS" start="2025-05-08T10:46:13.915049" elapsed="0.000000"/>
</kw>
<kw name="Get From List" owner="Collections">
<msg time="2025-05-08T10:46:13.916052" level="INFO">${VALUE} =  300</msg>
<var>${VALUE}</var>
<arg>${COLUMNS}</arg>
<arg>2</arg>
<doc>Returns the value specified with an ``index`` from ``list``.</doc>
<status status="PASS" start="2025-05-08T10:46:13.915049" elapsed="0.001003"/>
</kw>
<kw name="Log" owner="BuiltIn">
<msg time="2025-05-08T10:46:13.916052" level="INFO"> 300</msg>
<arg>${VALUE}</arg>
<doc>Logs the given message with the given level.</doc>
<status status="PASS" start="2025-05-08T10:46:13.916052" elapsed="0.000000"/>
</kw>
<kw name="Evaluate" owner="BuiltIn">
<msg time="2025-05-08T10:46:13.916052" level="INFO">${RESULT} = 300</msg>
<var>${RESULT}</var>
<arg>${RESULT}+${VALUE}</arg>
<doc>Evaluates the given expression in Python and returns the result.</doc>
<status status="PASS" start="2025-05-08T10:46:13.916052" elapsed="0.000000"/>
</kw>
<var name="${LINE}">10, First Item, 300</var>
<status status="PASS" start="2025-05-08T10:46:13.914047" elapsed="0.003517"/>
</iter>
<iter>
<kw name="Log" owner="BuiltIn">
<msg time="2025-05-08T10:46:13.922591" level="INFO">20, Second Item, 200</msg>
<arg>${LINE}</arg>
<doc>Logs the given message with the given level.</doc>
<status status="PASS" start="2025-05-08T10:46:13.917564" elapsed="0.005027"/>
</kw>
<kw name="Split String" owner="String">
<msg time="2025-05-08T10:46:13.923589" level="INFO">@{COLUMNS} = [ 20 |  Second Item |  200 ]</msg>
<var>@{COLUMNS}</var>
<arg>${LINE}</arg>
<arg>separator=,</arg>
<doc>Splits the ``string`` using ``separator`` as a delimiter string.</doc>
<status status="PASS" start="2025-05-08T10:46:13.923589" elapsed="0.000000"/>
</kw>
<kw name="Get From List" owner="Collections">
<msg time="2025-05-08T10:46:13.924589" level="INFO">${VALUE} =  200</msg>
<var>${VALUE}</var>
<arg>${COLUMNS}</arg>
<arg>2</arg>
<doc>Returns the value specified with an ``index`` from ``list``.</doc>
<status status="PASS" start="2025-05-08T10:46:13.923589" elapsed="0.001000"/>
</kw>
<kw name="Log" owner="BuiltIn">
<msg time="2025-05-08T10:46:13.925594" level="INFO"> 200</msg>
<arg>${VALUE}</arg>
<doc>Logs the given message with the given level.</doc>
<status status="PASS" start="2025-05-08T10:46:13.925594" elapsed="0.000000"/>
</kw>
<kw name="Evaluate" owner="BuiltIn">
<msg time="2025-05-08T10:46:13.925594" level="INFO">${RESULT} = 500</msg>
<var>${RESULT}</var>
<arg>${RESULT}+${VALUE}</arg>
<doc>Evaluates the given expression in Python and returns the result.</doc>
<status status="PASS" start="2025-05-08T10:46:13.925594" elapsed="0.000000"/>
</kw>
<var name="${LINE}">20, Second Item, 200</var>
<status status="PASS" start="2025-05-08T10:46:13.917564" elapsed="0.008030"/>
</iter>
<iter>
<kw name="Log" owner="BuiltIn">
<msg time="2025-05-08T10:46:13.927315" level="INFO">30, Third Item, 100</msg>
<arg>${LINE}</arg>
<doc>Logs the given message with the given level.</doc>
<status status="PASS" start="2025-05-08T10:46:13.925594" elapsed="0.001721"/>
</kw>
<kw name="Split String" owner="String">
<msg time="2025-05-08T10:46:13.927315" level="INFO">@{COLUMNS} = [ 30 |  Third Item |  100 ]</msg>
<var>@{COLUMNS}</var>
<arg>${LINE}</arg>
<arg>separator=,</arg>
<doc>Splits the ``string`` using ``separator`` as a delimiter string.</doc>
<status status="PASS" start="2025-05-08T10:46:13.927315" elapsed="0.000000"/>
</kw>
<kw name="Get From List" owner="Collections">
<msg time="2025-05-08T10:46:13.928205" level="INFO">${VALUE} =  100</msg>
<var>${VALUE}</var>
<arg>${COLUMNS}</arg>
<arg>2</arg>
<doc>Returns the value specified with an ``index`` from ``list``.</doc>
<status status="PASS" start="2025-05-08T10:46:13.927315" elapsed="0.000890"/>
</kw>
<kw name="Log" owner="BuiltIn">
<msg time="2025-05-08T10:46:13.928205" level="INFO"> 100</msg>
<arg>${VALUE}</arg>
<doc>Logs the given message with the given level.</doc>
<status status="PASS" start="2025-05-08T10:46:13.928205" elapsed="0.000000"/>
</kw>
<kw name="Evaluate" owner="BuiltIn">
<msg time="2025-05-08T10:46:13.928205" level="INFO">${RESULT} = 600</msg>
<var>${RESULT}</var>
<arg>${RESULT}+${VALUE}</arg>
<doc>Evaluates the given expression in Python and returns the result.</doc>
<status status="PASS" start="2025-05-08T10:46:13.928205" elapsed="0.000000"/>
</kw>
<var name="${LINE}">30, Third Item, 100</var>
<status status="PASS" start="2025-05-08T10:46:13.925594" elapsed="0.002611"/>
</iter>
<var>${LINE}</var>
<value>@{LIST}</value>
<status status="PASS" start="2025-05-08T10:46:13.914047" elapsed="0.015215"/>
</for>
<return>
<value>${RESULT}</value>
<status status="PASS" start="2025-05-08T10:46:13.929262" elapsed="0.000000"/>
</return>
<msg time="2025-05-08T10:46:13.929262" level="INFO">${SUM} = 600</msg>
<var>${SUM}</var>
<arg>${LINES}</arg>
<status status="PASS" start="2025-05-08T10:46:13.912955" elapsed="0.016307"/>
</kw>
<kw name="Log" owner="BuiltIn">
<msg time="2025-05-08T10:46:13.930206" level="INFO">Final SUM: 600</msg>
<arg>Final SUM: ${SUM}</arg>
<doc>Logs the given message with the given level.</doc>
<status status="PASS" start="2025-05-08T10:46:13.929262" elapsed="0.000944"/>
</kw>
<status status="PASS" start="2025-05-08T10:46:13.903420" elapsed="0.026786"/>
</test>
<status status="PASS" start="2025-05-08T10:46:13.743762" elapsed="0.188446"/>
</suite>
<statistics>
<total>
<stat pass="2" fail="0" skip="0">All Tests</stat>
</total>
<tag>
</tag>
<suite>
<stat name="Opstest" id="s1" pass="2" fail="0" skip="0">Opstest</stat>
</suite>
</statistics>
<errors>
<msg time="2025-05-08T10:46:13.890888" level="ERROR">Error in file 'C:\Users\PTQ1KOR\dummyproject\testscripts\opssamples\opstest.robot' on line 5: Importing library 'JSONLibrary' failed: ModuleNotFoundError: No module named 'JSONLibrary'
Traceback (most recent call last):
  None
PYTHONPATH:
  C:\Users\PTQ1KOR\AppData\Local\Programs\Python\Python311\Scripts\robot.exe
  C:\Users\PTQ1KOR\AppData\Local\Programs\Python\Python311\python311.zip
  C:\Users\PTQ1KOR\AppData\Local\Programs\Python\Python311\DLLs
  C:\Users\PTQ1KOR\AppData\Local\Programs\Python\Python311\Lib
  C:\Users\PTQ1KOR\AppData\Local\Programs\Python\Python311
  C:\Users\PTQ1KOR\AppData\Local\Programs\Python\Python311\Lib\site-packages
  C:\Users\PTQ1KOR\AppData\Local\Programs\Python\Python311\Lib\site-packages\win32
  C:\Users\PTQ1KOR\AppData\Local\Programs\Python\Python311\Lib\site-packages\win32\lib
  C:\Users\PTQ1KOR\AppData\Local\Programs\Python\Python311\Lib\site-packages\Pythonwin</msg>
</errors>
</robot>
