<?xml version="1.0" encoding="UTF-8"?>
<robot generator="Robot 7.2 (Python 3.11.3 on win32)" generated="2025-05-20T09:59:09.049764" rpa="false" schemaversion="5">
<suite id="s1" name="Dummyproject" source="C:\Users\PTQ1KOR\dummyproject">
<suite id="s1-s1" name="Testscripts" source="C:\Users\PTQ1KOR\dummyproject\testscripts">
<suite id="s1-s1-s1" name="GETwithAuthsample" source="C:\Users\PTQ1KOR\dummyproject\testscripts\GETwithAuthsample.robot">
<test id="s1-s1-s1-t1" name="GetRequest With APPID" line="12">
<kw name="Create Dictionary" owner="BuiltIn">
<msg time="2025-05-20T09:59:09.826783" level="INFO">${params} = {}</msg>
<var>${params}</var>
<doc>Creates and returns a dictionary based on the given ``items``.</doc>
<status status="PASS" start="2025-05-20T09:59:09.826783" elapsed="0.001002"/>
</kw>
<kw name="Set To Dictionary" owner="Collections">
<msg time="2025-05-20T09:59:09.828788" level="INFO">${params} = {'lat': '13.082680'}</msg>
<var>${params}</var>
<arg>${params}</arg>
<arg>lat=13.082680</arg>
<doc>Adds the given ``key_value_pairs`` and/or ``items`` to the ``dictionary``.</doc>
<status status="PASS" start="2025-05-20T09:59:09.827785" elapsed="0.001003"/>
</kw>
<kw name="Set To Dictionary" owner="Collections">
<msg time="2025-05-20T09:59:09.830120" level="INFO">${params} = {'lat': '13.082680', 'lon': '80.270721'}</msg>
<var>${params}</var>
<arg>${params}</arg>
<arg>lon=80.270721</arg>
<doc>Adds the given ``key_value_pairs`` and/or ``items`` to the ``dictionary``.</doc>
<status status="PASS" start="2025-05-20T09:59:09.828788" elapsed="0.001332"/>
</kw>
<kw name="Set To Dictionary" owner="Collections">
<msg time="2025-05-20T09:59:09.831118" level="INFO">${params} = {'lat': '13.082680', 'lon': '80.270721', 'appid': '000f0cec53de8246b5e11b54bff50535'}</msg>
<var>${params}</var>
<arg>${params}</arg>
<arg>appid=${apptoken}</arg>
<doc>Adds the given ``key_value_pairs`` and/or ``items`` to the ``dictionary``.</doc>
<status status="PASS" start="2025-05-20T09:59:09.831118" elapsed="0.000967"/>
</kw>
<kw name="Create Session" owner="RequestsLibrary">
<msg time="2025-05-20T09:59:09.833081" level="INFO">Creating Session using : alias=myAuth, url=https://api.openweathermap.org/data/2.5, headers={},                     cookies={}, auth=None, timeout=None, proxies=None, verify=False,                     debug=0 </msg>
<arg>myAuth</arg>
<arg>${weatherAPIURL}</arg>
<doc>Create Session: create a HTTP session to a server</doc>
<status status="PASS" start="2025-05-20T09:59:09.832085" elapsed="1.112538"/>
</kw>
<kw name="GET On Session" owner="RequestsLibrary">
<msg time="2025-05-20T09:59:13.850524" level="INFO">GET Request : url=https://api.openweathermap.org/data/2.5/weather?lat=13.082680&amp;lon=80.270721&amp;appid=000f0cec53de8246b5e11b54bff50535 
 path_url=/data/2.5/weather?lat=13.082680&amp;lon=80.270721&amp;appid=000f0cec53de8246b5e11b54bff50535 
 headers={'User-Agent': 'python-requests/2.31.0', 'Accept-Encoding': 'gzip, deflate', 'Accept': '*/*', 'Connection': 'keep-alive'} 
 body=None 
 </msg>
<msg time="2025-05-20T09:59:13.851462" level="INFO">GET Response : url=https://api.openweathermap.org/data/2.5/weather?lat=13.082680&amp;lon=80.270721&amp;appid=000f0cec53de8246b5e11b54bff50535 
 status=200, reason=OK 
 headers={'Server': 'openresty', 'Date': 'Tue, 20 May 2025 04:29:13 GMT', 'Content-Type': 'application/json; charset=utf-8', 'Content-Length': '528', 'Connection': 'keep-alive', 'X-Cache-Key': '/data/2.5/weather?lat=13.08&amp;lon=80.27', 'Access-Control-Allow-Origin': '*', 'Access-Control-Allow-Credentials': 'true', 'Access-Control-Allow-Methods': 'GET, POST'} 
 body={"coord":{"lon":80.2707,"lat":13.0827},"weather":[{"id":804,"main":"Clouds","description":"overcast clouds","icon":"04d"}],"base":"stations","main":{"temp":303.72,"feels_like":310.72,"temp_min":302.65,"temp_max":304.2,"pressure":1004,"humidity":86,"sea_level":1004,"grnd_level":1004},"visibility":10000,"wind":{"speed":0.45,"deg":231,"gust":0.89},"clouds":{"all":98},"dt":1747715195,"sys":{"type":2,"id":2093220,"country":"IN","sunrise":1747699953,"sunset":1747745916},"timezone":19800,"id":1465730,"name":"Park Town","cod":200} 
 </msg>
<msg time="2025-05-20T09:59:13.852461" level="INFO">C:\Users\PTQ1KOR\AppData\Local\Programs\Python\Python311\Lib\site-packages\pip_system_certs\wrapt_requests.py:71: UserWarning: Failed to patch SSL settings for unverified requests (unsupported version of urllib3?)
This may lead to errors when urllib3 tries to modify verify_mode.
Please report an issue at https://gitlab.com/alelec/pip-system-certs with your
python version included in the description

  warnings.warn(
C:\Users\PTQ1KOR\AppData\Local\Programs\Python\Python311\Lib\site-packages\urllib3\connectionpool.py:1099: InsecureRequestWarning: Unverified HTTPS request is being made to host 'rb-proxy-in.bosch.com'. Adding certificate verification is strongly advised. See: https://urllib3.readthedocs.io/en/latest/advanced-usage.html#tls-warnings
  warnings.warn(</msg>
<msg time="2025-05-20T09:59:13.857515" level="INFO">${response} = &lt;Response [200]&gt;</msg>
<var>${response}</var>
<arg>myAuth</arg>
<arg>/weather</arg>
<arg>params=${params}</arg>
<doc>Sends a GET request on a previously created HTTP Session.</doc>
<status status="PASS" start="2025-05-20T09:59:10.945623" elapsed="2.911892"/>
</kw>
<kw name="Log" owner="BuiltIn">
<msg time="2025-05-20T09:59:13.862059" level="INFO">200</msg>
<arg>${response.status_code}</arg>
<doc>Logs the given message with the given level.</doc>
<status status="PASS" start="2025-05-20T09:59:13.859112" elapsed="0.004947"/>
</kw>
<kw name="Log" owner="BuiltIn">
<msg time="2025-05-20T09:59:13.868132" level="INFO">{"coord":{"lon":80.2707,"lat":13.0827},"weather":[{"id":804,"main":"Clouds","description":"overcast clouds","icon":"04d"}],"base":"stations","main":{"temp":303.72,"feels_like":310.72,"temp_min":302.65,"temp_max":304.2,"pressure":1004,"humidity":86,"sea_level":1004,"grnd_level":1004},"visibility":10000,"wind":{"speed":0.45,"deg":231,"gust":0.89},"clouds":{"all":98},"dt":1747715195,"sys":{"type":2,"id":2093220,"country":"IN","sunrise":1747699953,"sunset":1747745916},"timezone":19800,"id":1465730,"name":"Park Town","cod":200}</msg>
<arg>${response.content}</arg>
<doc>Logs the given message with the given level.</doc>
<status status="PASS" start="2025-05-20T09:59:13.865054" elapsed="0.003787"/>
</kw>
<kw name="Should Contain" owner="BuiltIn">
<arg>${response.content}</arg>
<arg>Park Town</arg>
<doc>Fails if ``container`` does not contain ``item`` one or more times.</doc>
<status status="PASS" start="2025-05-20T09:59:13.869758" elapsed="0.001959"/>
</kw>
<doc>Get request with APIID</doc>
<tag>GetRequestWithAPIKEY</tag>
<status status="PASS" start="2025-05-20T09:59:09.824778" elapsed="4.048937"/>
</test>
<status status="PASS" start="2025-05-20T09:59:09.115388" elapsed="4.762148"/>
</suite>
<status status="PASS" start="2025-05-20T09:59:09.110282" elapsed="4.771852"/>
</suite>
<status status="PASS" start="2025-05-20T09:59:09.060330" elapsed="4.826857"/>
</suite>
<statistics>
<total>
<stat pass="1" fail="0" skip="0">All Tests</stat>
</total>
<tag>
<stat pass="1" fail="0" skip="0">GetRequestWithAPIKEY</stat>
</tag>
<suite>
<stat name="Dummyproject" id="s1" pass="1" fail="0" skip="0">Dummyproject</stat>
<stat name="Testscripts" id="s1-s1" pass="1" fail="0" skip="0">Dummyproject.Testscripts</stat>
<stat name="GETwithAuthsample" id="s1-s1-s1" pass="1" fail="0" skip="0">Dummyproject.Testscripts.GETwithAuthsample</stat>
</suite>
</statistics>
<errors>
</errors>
</robot>
